2021-05-31 17:19:29.120 [main] INFO  org.kk.DemoApplication - Starting DemoApplication on KK with PID 7752 (D:\Code\ktSocial\social-server\target\classes started by kk in D:\Code\ktSocial)
2021-05-31 17:19:29.121 [main] INFO  org.kk.DemoApplication - No active profile set, falling back to default profiles: default
2021-05-31 17:19:29.821 [main] INFO  o.s.d.r.config.RepositoryConfigurationDelegate - Multiple Spring Data modules found, entering strict repository configuration mode!
2021-05-31 17:19:29.823 [main] INFO  o.s.d.r.config.RepositoryConfigurationDelegate - Bootstrapping Spring Data Redis repositories in DEFAULT mode.
2021-05-31 17:19:29.851 [main] INFO  o.s.d.r.config.RepositoryConfigurationDelegate - Finished Spring Data repository scanning in 15ms. Found 0 Redis repository interfaces.
2021-05-31 17:19:31.022 [main] INFO  o.s.boot.web.embedded.tomcat.TomcatWebServer - Tomcat initialized with port(s): 8800 (http)
2021-05-31 17:19:31.029 [main] INFO  org.apache.coyote.http11.Http11NioProtocol - Initializing ProtocolHandler ["http-nio-8800"]
2021-05-31 17:19:31.029 [main] INFO  org.apache.catalina.core.StandardService - Starting service [Tomcat]
2021-05-31 17:19:31.029 [main] INFO  org.apache.catalina.core.StandardEngine - Starting Servlet engine: [Apache Tomcat/9.0.36]
2021-05-31 17:19:31.109 [main] INFO  o.a.c.core.ContainerBase.[Tomcat].[localhost].[/] - Initializing Spring embedded WebApplicationContext
2021-05-31 17:19:31.110 [main] INFO  o.s.b.w.s.c.ServletWebServerApplicationContext - Root WebApplicationContext: initialization completed in 1956 ms
2021-05-31 17:19:31.145 [main] INFO  o.a.c.core.ContainerBase.[Tomcat].[localhost].[/] - Set web app root system property: 'webapp.root' = [C:\Users\kk\AppData\Local\Temp\tomcat-docbase.9183354712924785536.8800\]
2021-05-31 17:19:31.703 [main] INFO  s.d.s.w.PropertySourcedRequestMappingHandlerMapping - Mapped URL path [/v2/api-docs] onto method [springfox.documentation.swagger2.web.Swagger2Controller#getDocumentation(String, HttpServletRequest)]
2021-05-31 17:19:31.776 [main] INFO  o.s.scheduling.concurrent.ThreadPoolTaskExecutor - Initializing ExecutorService 'applicationTaskExecutor'
2021-05-31 17:19:31.938 [main] INFO  o.s.scheduling.concurrent.ThreadPoolTaskScheduler - Initializing ExecutorService 'taskScheduler'
2021-05-31 17:19:31.965 [main] INFO  org.apache.coyote.http11.Http11NioProtocol - Starting ProtocolHandler ["http-nio-8800"]
2021-05-31 17:19:31.986 [main] INFO  o.s.boot.web.embedded.tomcat.TomcatWebServer - Tomcat started on port(s): 8800 (http) with context path ''
2021-05-31 17:19:31.987 [main] INFO  s.d.s.web.plugins.DocumentationPluginsBootstrapper - Context refreshed
2021-05-31 17:19:32.004 [main] INFO  s.d.s.web.plugins.DocumentationPluginsBootstrapper - Found 1 custom documentation plugin(s)
2021-05-31 17:19:32.033 [main] INFO  s.d.spring.web.scanners.ApiListingReferenceScanner - Scanning for api listing references
2021-05-31 17:19:32.296 [main] INFO  org.kk.DemoApplication - Started DemoApplication in 3.527 seconds (JVM running for 3.881)
2021-05-31 17:20:37.774 [http-nio-8800-exec-1] INFO  o.a.c.core.ContainerBase.[Tomcat].[localhost].[/] - Initializing Spring DispatcherServlet 'dispatcherServlet'
2021-05-31 17:20:37.774 [http-nio-8800-exec-1] INFO  org.springframework.web.servlet.DispatcherServlet - Initializing Servlet 'dispatcherServlet'
2021-05-31 17:20:37.782 [http-nio-8800-exec-1] INFO  org.springframework.web.servlet.DispatcherServlet - Completed initialization in 8 ms
2021-05-31 17:20:37.870 [http-nio-8800-exec-2] INFO  com.zaxxer.hikari.HikariDataSource - HikariPool-1 - Starting...
2021-05-31 17:20:37.973 [http-nio-8800-exec-2] INFO  com.zaxxer.hikari.HikariDataSource - HikariPool-1 - Start completed.
2021-05-31 17:21:43.400 [http-nio-8800-exec-6] INFO  org.kk.controller.TestController - Test logger
2021-05-31 17:23:30.393 [main] INFO  org.kk.DemoApplication - Starting DemoApplication on KK with PID 3640 (D:\Code\ktSocial\social-server\target\classes started by kk in D:\Code\ktSocial)
2021-05-31 17:23:30.394 [main] INFO  org.kk.DemoApplication - No active profile set, falling back to default profiles: default
2021-05-31 17:23:31.093 [main] INFO  o.s.d.r.config.RepositoryConfigurationDelegate - Multiple Spring Data modules found, entering strict repository configuration mode!
2021-05-31 17:23:31.095 [main] INFO  o.s.d.r.config.RepositoryConfigurationDelegate - Bootstrapping Spring Data Redis repositories in DEFAULT mode.
2021-05-31 17:23:31.127 [main] INFO  o.s.d.r.config.RepositoryConfigurationDelegate - Finished Spring Data repository scanning in 19ms. Found 0 Redis repository interfaces.
2021-05-31 17:23:32.321 [main] INFO  o.s.boot.web.embedded.tomcat.TomcatWebServer - Tomcat initialized with port(s): 8800 (http)
2021-05-31 17:23:32.328 [main] INFO  org.apache.coyote.http11.Http11NioProtocol - Initializing ProtocolHandler ["http-nio-8800"]
2021-05-31 17:23:32.328 [main] INFO  org.apache.catalina.core.StandardService - Starting service [Tomcat]
2021-05-31 17:23:32.328 [main] INFO  org.apache.catalina.core.StandardEngine - Starting Servlet engine: [Apache Tomcat/9.0.36]
2021-05-31 17:23:32.409 [main] INFO  o.a.c.core.ContainerBase.[Tomcat].[localhost].[/] - Initializing Spring embedded WebApplicationContext
2021-05-31 17:23:32.409 [main] INFO  o.s.b.w.s.c.ServletWebServerApplicationContext - Root WebApplicationContext: initialization completed in 1981 ms
2021-05-31 17:23:32.441 [main] INFO  o.a.c.core.ContainerBase.[Tomcat].[localhost].[/] - Set web app root system property: 'webapp.root' = [C:\Users\kk\AppData\Local\Temp\tomcat-docbase.7684537930611706731.8800\]
2021-05-31 17:23:33.021 [main] INFO  s.d.s.w.PropertySourcedRequestMappingHandlerMapping - Mapped URL path [/v2/api-docs] onto method [springfox.documentation.swagger2.web.Swagger2Controller#getDocumentation(String, HttpServletRequest)]
2021-05-31 17:23:33.111 [main] INFO  o.s.scheduling.concurrent.ThreadPoolTaskExecutor - Initializing ExecutorService 'applicationTaskExecutor'
2021-05-31 17:23:33.271 [main] INFO  o.s.scheduling.concurrent.ThreadPoolTaskScheduler - Initializing ExecutorService 'taskScheduler'
2021-05-31 17:23:33.297 [main] INFO  org.apache.coyote.http11.Http11NioProtocol - Starting ProtocolHandler ["http-nio-8800"]
2021-05-31 17:23:33.316 [main] INFO  o.s.boot.web.embedded.tomcat.TomcatWebServer - Tomcat started on port(s): 8800 (http) with context path ''
2021-05-31 17:23:33.317 [main] INFO  s.d.s.web.plugins.DocumentationPluginsBootstrapper - Context refreshed
2021-05-31 17:23:33.333 [main] INFO  s.d.s.web.plugins.DocumentationPluginsBootstrapper - Found 1 custom documentation plugin(s)
2021-05-31 17:23:33.358 [main] INFO  s.d.spring.web.scanners.ApiListingReferenceScanner - Scanning for api listing references
2021-05-31 17:23:33.622 [main] INFO  org.kk.DemoApplication - Started DemoApplication in 3.574 seconds (JVM running for 3.918)
2021-05-31 17:27:55.652 [http-nio-8800-exec-1] INFO  o.a.c.core.ContainerBase.[Tomcat].[localhost].[/] - Initializing Spring DispatcherServlet 'dispatcherServlet'
2021-05-31 17:27:55.652 [http-nio-8800-exec-1] INFO  org.springframework.web.servlet.DispatcherServlet - Initializing Servlet 'dispatcherServlet'
2021-05-31 17:27:55.658 [http-nio-8800-exec-1] INFO  org.springframework.web.servlet.DispatcherServlet - Completed initialization in 6 ms
2021-05-31 17:27:55.749 [http-nio-8800-exec-1] INFO  com.zaxxer.hikari.HikariDataSource - HikariPool-1 - Starting...
2021-05-31 17:27:55.845 [http-nio-8800-exec-1] INFO  com.zaxxer.hikari.HikariDataSource - HikariPool-1 - Start completed.
